        -:    0:Source:dominion.c
        -:    0:Graph:dominion.gcno
        -:    0:Data:dominion.gcda
        -:    0:Runs:1
        -:    0:Programs:1
        -:    1:#include "dominion.h"
        -:    2:#include "dominion_helpers.h"
        -:    3:#include "rngs.h"
        -:    4:#include <stdio.h>
        -:    5:#include <math.h>
        -:    6:#include <stdlib.h>
        -:    7:
function compare called 172087 returned 100% blocks executed 100%
   172087:    8:int compare(const void* a, const void* b) {
   172087:    9:  if (*(int*)a > *(int*)b)
branch  0 taken 44% (fallthrough)
branch  1 taken 56%
    75848:   10:    return 1;
    96239:   11:  if (*(int*)a < *(int*)b)
branch  0 taken 37% (fallthrough)
branch  1 taken 63%
    35278:   12:    return -1;
    60961:   13:  return 0;
        -:   14:}
        -:   15:
function newGame called 0 returned 0% blocks executed 0%
    #####:   16:struct gameState* newGame() {
    #####:   17:  struct gameState* g = malloc(sizeof(struct gameState));
    #####:   18:  return g;
        -:   19:}
        -:   20:
function kingdomCards called 0 returned 0% blocks executed 0%
    #####:   21:int* kingdomCards(int k1, int k2, int k3, int k4, int k5, int k6, int k7,
        -:   22:		  int k8, int k9, int k10) {
    #####:   23:  int* k = malloc(10 * sizeof(int));
    #####:   24:  k[0] = k1;
    #####:   25:  k[1] = k2;
    #####:   26:  k[2] = k3;
    #####:   27:  k[3] = k4;
    #####:   28:  k[4] = k5;
    #####:   29:  k[5] = k6;
    #####:   30:  k[6] = k7;
    #####:   31:  k[7] = k8;
    #####:   32:  k[8] = k9;
    #####:   33:  k[9] = k10;
    #####:   34:  return k;
        -:   35:}
        -:   36:
function initializeGame called 2000 returned 100% blocks executed 97%
     2000:   37:int initializeGame(int numPlayers, int kingdomCards[10], int randomSeed,
        -:   38:		   struct gameState *state) {
        -:   39:
        -:   40:  int i;
        -:   41:  int j;
        -:   42:  int it;			
        -:   43:  //set up random number generator
     2000:   44:  SelectStream(1);
call    0 returned 100%
     2000:   45:  PutSeed((long)randomSeed);
call    0 returned 100%
        -:   46:  
        -:   47:  //check number of players
     2000:   48:  if (numPlayers > MAX_PLAYERS || numPlayers < 2)
branch  0 taken 100% (fallthrough)
branch  1 taken 0%
branch  2 taken 0% (fallthrough)
branch  3 taken 100%
        -:   49:    {
    #####:   50:      return -1;
        -:   51:    }
        -:   52:
        -:   53:  //set number of players
     2000:   54:  state->numPlayers = numPlayers;
        -:   55:
        -:   56:  //check selected kingdom cards are different
     7934:   57:  for (i = 0; i < 10; i++)
branch  0 taken 96%
branch  1 taken 4% (fallthrough)
        -:   58:    {
    76743:   59:      for (j = 0; j < 10; j++)
branch  0 taken 92%
branch  1 taken 8% (fallthrough)
        -:   60:        {
    70809:   61:	  if (j != i && kingdomCards[j] == kingdomCards[i])
branch  0 taken 89% (fallthrough)
branch  1 taken 11%
branch  2 taken 3% (fallthrough)
branch  3 taken 97%
        -:   62:	    {
     1709:   63:	      return -1;
        -:   64:	    }
        -:   65:        }
        -:   66:    }
        -:   67:
        -:   68:
        -:   69:  //initialize supply
        -:   70:  ///////////////////////////////
        -:   71:
        -:   72:  //set number of Curse cards
      291:   73:  if (numPlayers == 2)
branch  0 taken 31% (fallthrough)
branch  1 taken 69%
        -:   74:    {
       91:   75:      state->supplyCount[curse] = 10;
        -:   76:    }
      200:   77:  else if (numPlayers == 3)
branch  0 taken 55% (fallthrough)
branch  1 taken 45%
        -:   78:    {
      110:   79:      state->supplyCount[curse] = 20;
        -:   80:    }
        -:   81:  else
        -:   82:    {
       90:   83:      state->supplyCount[curse] = 30;
        -:   84:    }
        -:   85:
        -:   86:  //set number of Victory cards
      291:   87:  if (numPlayers == 2)
branch  0 taken 31% (fallthrough)
branch  1 taken 69%
        -:   88:    {
       91:   89:      state->supplyCount[estate] = 8;
       91:   90:      state->supplyCount[duchy] = 8;
       91:   91:      state->supplyCount[province] = 8;
        -:   92:    }
        -:   93:  else
        -:   94:    {
      200:   95:      state->supplyCount[estate] = 12;
      200:   96:      state->supplyCount[duchy] = 12;
      200:   97:      state->supplyCount[province] = 12;
        -:   98:    }
        -:   99:
        -:  100:  //set number of Treasure cards
      291:  101:  state->supplyCount[copper] = 60 - (7 * numPlayers);
      291:  102:  state->supplyCount[silver] = 40;
      291:  103:  state->supplyCount[gold] = 30;
        -:  104:
        -:  105:  //set number of Kingdom cards
     6111:  106:  for (i = adventurer; i <= treasure_map; i++)       	//loop all cards
branch  0 taken 95%
branch  1 taken 5% (fallthrough)
        -:  107:    {
    52115:  108:      for (j = 0; j < 10; j++)           		//loop chosen cards
branch  0 taken 93%
branch  1 taken 7% (fallthrough)
        -:  109:	{
    48479:  110:	  if (kingdomCards[j] == i)
branch  0 taken 5% (fallthrough)
branch  1 taken 95%
        -:  111:	    {
        -:  112:	      //check if card is a 'Victory' Kingdom card
     2184:  113:	      if (kingdomCards[j] == great_hall || kingdomCards[j] == gardens)
branch  0 taken 95% (fallthrough)
branch  1 taken 5%
branch  2 taken 5% (fallthrough)
branch  3 taken 95%
        -:  114:		{
      400:  115:		  if (numPlayers == 2){ 
branch  0 taken 28% (fallthrough)
branch  1 taken 73%
       55:  116:		    state->supplyCount[i] = 8; 
        -:  117:		  }
      145:  118:		  else{ state->supplyCount[i] = 12; }
        -:  119:		}
        -:  120:	      else
        -:  121:		{
     1984:  122:		  state->supplyCount[i] = 10;
        -:  123:		}
     2184:  124:	      break;
        -:  125:	    }
        -:  126:	  else    //card is not in the set choosen for the game
        -:  127:	    {
    46295:  128:	      state->supplyCount[i] = -1;
        -:  129:	    }
        -:  130:	}
        -:  131:
        -:  132:    }
        -:  133:
        -:  134:  ////////////////////////
        -:  135:  //supply intilization complete
        -:  136:
        -:  137:  //set player decks
     1163:  138:  for (i = 0; i < numPlayers; i++)
branch  0 taken 75%
branch  1 taken 25% (fallthrough)
        -:  139:    {
      872:  140:      state->deckCount[i] = 0;
     3488:  141:      for (j = 0; j < 3; j++)
branch  0 taken 75%
branch  1 taken 25% (fallthrough)
        -:  142:	{
     2616:  143:	  state->deck[i][j] = estate;
     2616:  144:	  state->deckCount[i]++;
        -:  145:	}
     6976:  146:      for (j = 3; j < 10; j++)
branch  0 taken 88%
branch  1 taken 13% (fallthrough)
        -:  147:	{
     6104:  148:	  state->deck[i][j] = copper;
     6104:  149:	  state->deckCount[i]++;		
        -:  150:	}
        -:  151:    }
        -:  152:
        -:  153:  //shuffle player decks
     1163:  154:  for (i = 0; i < numPlayers; i++)
branch  0 taken 75%
branch  1 taken 25% (fallthrough)
        -:  155:    {
      872:  156:      if ( shuffle(i, state) < 0 )
call    0 returned 100%
branch  1 taken 0% (fallthrough)
branch  2 taken 100%
        -:  157:	{
    #####:  158:	  return -1;
        -:  159:	}
        -:  160:    }
        -:  161:
        -:  162:  //draw player hands
     1163:  163:  for (i = 0; i < numPlayers; i++)
branch  0 taken 75%
branch  1 taken 25% (fallthrough)
        -:  164:    {  
        -:  165:      //initialize hand size to zero
      872:  166:      state->handCount[i] = 0;
      872:  167:      state->discardCount[i] = 0;
        -:  168:      //draw 5 cards
        -:  169:      // for (j = 0; j < 5; j++)
        -:  170:      //	{
        -:  171:      //	  drawCard(i, state);
        -:  172:      //	}
        -:  173:    }
        -:  174:  
        -:  175:  //set embargo tokens to 0 for all supply piles
     8148:  176:  for (i = 0; i <= treasure_map; i++)
branch  0 taken 96%
branch  1 taken 4% (fallthrough)
        -:  177:    {
     7857:  178:      state->embargoTokens[i] = 0;
        -:  179:    }
        -:  180:
        -:  181:  //initialize first player's turn
      291:  182:  state->outpostPlayed = 0;
      291:  183:  state->phase = 0;
      291:  184:  state->numActions = 1;
      291:  185:  state->numBuys = 1;
      291:  186:  state->playedCardCount = 0;
      291:  187:  state->whoseTurn = 0;
      291:  188:  state->handCount[state->whoseTurn] = 0;
        -:  189:  //int it; move to top
        -:  190:
        -:  191:  //Moved draw cards to here, only drawing at the start of a turn
     1746:  192:  for (it = 0; it < 5; it++){
branch  0 taken 83%
branch  1 taken 17% (fallthrough)
     1455:  193:    drawCard(state->whoseTurn, state);
call    0 returned 100%
        -:  194:  }
        -:  195:
      291:  196:  updateCoins(state->whoseTurn, state, 0);
call    0 returned 100%
        -:  197:
      291:  198:  return 0;
        -:  199:}
        -:  200:
function shuffle called 456390 returned 100% blocks executed 100%
   456390:  201:int shuffle(int player, struct gameState *state) {
        -:  202: 
        -:  203:
        -:  204:  int newDeck[MAX_DECK];
   456390:  205:  int newDeckPos = 0;
        -:  206:  int card;
        -:  207:  int i;
        -:  208:
   456390:  209:  if (state->deckCount[player] < 1)
branch  0 taken 99% (fallthrough)
branch  1 taken 1%
   454024:  210:    return -1;
     2366:  211:  qsort ((void*)(state->deck[player]), state->deckCount[player], sizeof(int), compare); 
call    0 returned 100%
        -:  212:  /* SORT CARDS IN DECK TO ENSURE DETERMINISM! */
        -:  213:
    53150:  214:  while (state->deckCount[player] > 0) {
branch  0 taken 95%
branch  1 taken 5% (fallthrough)
    48418:  215:    card = floor(Random() * state->deckCount[player]);
call    0 returned 100%
    48418:  216:    newDeck[newDeckPos] = state->deck[player][card];
    48418:  217:    newDeckPos++;
   508873:  218:    for (i = card; i < state->deckCount[player]-1; i++) {
branch  0 taken 90%
branch  1 taken 10% (fallthrough)
   460455:  219:      state->deck[player][i] = state->deck[player][i+1];
        -:  220:    }
    48418:  221:    state->deckCount[player]--;
        -:  222:  }
    50784:  223:  for (i = 0; i < newDeckPos; i++) {
branch  0 taken 95%
branch  1 taken 5% (fallthrough)
    48418:  224:    state->deck[player][i] = newDeck[i];
    48418:  225:    state->deckCount[player]++;
        -:  226:  }
        -:  227:
     2366:  228:  return 0;
        -:  229:}
        -:  230:
function playCard called 0 returned 0% blocks executed 0%
    #####:  231:int playCard(int handPos, int choice1, int choice2, int choice3, struct gameState *state) 
        -:  232:{	
        -:  233:  int card;
    #####:  234:  int coin_bonus = 0; 		//tracks coins gain from actions
        -:  235:
        -:  236:  //check if it is the right phase
    #####:  237:  if (state->phase != 0)
branch  0 never executed
branch  1 never executed
        -:  238:    {
    #####:  239:      return -1;
        -:  240:    }
        -:  241:	
        -:  242:  //check if player has enough actions
    #####:  243:  if ( state->numActions < 1 )
branch  0 never executed
branch  1 never executed
        -:  244:    {
    #####:  245:      return -1;
        -:  246:    }
        -:  247:	
        -:  248:  //get card played
    #####:  249:  card = handCard(handPos, state);
call    0 never executed
        -:  250:	
        -:  251:  //check if selected card is an action
    #####:  252:  if ( card < adventurer || card > treasure_map )
branch  0 never executed
branch  1 never executed
branch  2 never executed
branch  3 never executed
        -:  253:    {
    #####:  254:      return -1;
        -:  255:    }
        -:  256:	
        -:  257:  //play card
    #####:  258:  if ( cardEffect(card, choice1, choice2, choice3, state, handPos, &coin_bonus) < 0 )
call    0 never executed
branch  1 never executed
branch  2 never executed
        -:  259:    {
    #####:  260:      return -1;
        -:  261:    }
        -:  262:	
        -:  263:  //reduce number of actions
    #####:  264:  state->numActions--;
        -:  265:
        -:  266:  //update coins (Treasure cards may be added with card draws)
    #####:  267:  updateCoins(state->whoseTurn, state, coin_bonus);
call    0 never executed
        -:  268:	
    #####:  269:  return 0;
        -:  270:}
        -:  271:
function buyCard called 0 returned 0% blocks executed 0%
    #####:  272:int buyCard(int supplyPos, struct gameState *state) {
        -:  273:  int who;
        -:  274:  if (DEBUG){
        -:  275:    printf("Entering buyCard...\n");
        -:  276:  }
        -:  277:
        -:  278:  // I don't know what to do about the phase thing.
        -:  279:
    #####:  280:  who = state->whoseTurn;
        -:  281:
    #####:  282:  if (state->numBuys < 1){
branch  0 never executed
branch  1 never executed
        -:  283:    if (DEBUG)
        -:  284:      printf("You do not have any buys left\n");
    #####:  285:    return -1;
    #####:  286:  } else if (supplyCount(supplyPos, state) <1){
call    0 never executed
branch  1 never executed
branch  2 never executed
        -:  287:    if (DEBUG)
        -:  288:      printf("There are not any of that type of card left\n");
    #####:  289:    return -1;
    #####:  290:  } else if (state->coins < getCost(supplyPos)){
call    0 never executed
branch  1 never executed
branch  2 never executed
        -:  291:    if (DEBUG) 
        -:  292:      printf("You do not have enough money to buy that. You have %d coins.\n", state->coins);
    #####:  293:    return -1;
        -:  294:  } else {
    #####:  295:    state->phase=1;
        -:  296:    //state->supplyCount[supplyPos]--;
    #####:  297:    gainCard(supplyPos, state, 0, who); //card goes in discard, this might be wrong.. (2 means goes into hand, 0 goes into discard)
call    0 never executed
        -:  298:  
    #####:  299:    state->coins = (state->coins) - (getCost(supplyPos));
call    0 never executed
    #####:  300:    state->numBuys--;
        -:  301:    if (DEBUG)
        -:  302:      printf("You bought card number %d for %d coins. You now have %d buys and %d coins.\n", supplyPos, getCost(supplyPos), state->numBuys, state->coins);
        -:  303:  }
        -:  304:
        -:  305:  //state->discard[who][state->discardCount[who]] = supplyPos;
        -:  306:  //state->discardCount[who]++;
        -:  307:    
    #####:  308:  return 0;
        -:  309:}
        -:  310:
function numHandCards called 0 returned 0% blocks executed 0%
    #####:  311:int numHandCards(struct gameState *state) {
    #####:  312:  return state->handCount[ whoseTurn(state) ];
call    0 never executed
        -:  313:}
        -:  314:
function handCard called 0 returned 0% blocks executed 0%
    #####:  315:int handCard(int handPos, struct gameState *state) {
    #####:  316:  int currentPlayer = whoseTurn(state);
call    0 never executed
    #####:  317:  return state->hand[currentPlayer][handPos];
        -:  318:}
        -:  319:
function supplyCount called 0 returned 0% blocks executed 0%
    #####:  320:int supplyCount(int card, struct gameState *state) {
    #####:  321:  return state->supplyCount[card];
        -:  322:}
        -:  323:
function fullDeckCount called 0 returned 0% blocks executed 0%
    #####:  324:int fullDeckCount(int player, int card, struct gameState *state) {
        -:  325:  int i;
    #####:  326:  int count = 0;
        -:  327:
    #####:  328:  for (i = 0; i < state->deckCount[player]; i++)
branch  0 never executed
branch  1 never executed
        -:  329:    {
    #####:  330:      if (state->deck[player][i] == card) count++;
branch  0 never executed
branch  1 never executed
        -:  331:    }
        -:  332:
    #####:  333:  for (i = 0; i < state->handCount[player]; i++)
branch  0 never executed
branch  1 never executed
        -:  334:    {
    #####:  335:      if (state->hand[player][i] == card) count++;
branch  0 never executed
branch  1 never executed
        -:  336:    }
        -:  337:
    #####:  338:  for (i = 0; i < state->discardCount[player]; i++)
branch  0 never executed
branch  1 never executed
        -:  339:    {
    #####:  340:      if (state->discard[player][i] == card) count++;
branch  0 never executed
branch  1 never executed
        -:  341:    }
        -:  342:
    #####:  343:  return count;
        -:  344:}
        -:  345:
function whoseTurn called 2000 returned 100% blocks executed 100%
     2000:  346:int whoseTurn(struct gameState *state) {
     2000:  347:  return state->whoseTurn;
        -:  348:}
        -:  349:
function endTurn called 0 returned 0% blocks executed 0%
    #####:  350:int endTurn(struct gameState *state) {
        -:  351:  int k;
        -:  352:  int i;
    #####:  353:  int currentPlayer = whoseTurn(state);
call    0 never executed
        -:  354:  
        -:  355:  //Discard hand
    #####:  356:  for (i = 0; i < state->handCount[currentPlayer]; i++){
branch  0 never executed
branch  1 never executed
    #####:  357:    state->discard[currentPlayer][state->discardCount[currentPlayer]++] = state->hand[currentPlayer][i];//Discard
    #####:  358:    state->hand[currentPlayer][i] = -1;//Set card to -1
        -:  359:  }
    #####:  360:  state->handCount[currentPlayer] = 0;//Reset hand count
        -:  361:    
        -:  362:  //Code for determining the player
    #####:  363:  if (currentPlayer < (state->numPlayers - 1)){ 
branch  0 never executed
branch  1 never executed
    #####:  364:    state->whoseTurn = currentPlayer + 1;//Still safe to increment
        -:  365:  }
        -:  366:  else{
    #####:  367:    state->whoseTurn = 0;//Max player has been reached, loop back around to player 1
        -:  368:  }
        -:  369:
    #####:  370:  state->outpostPlayed = 0;
    #####:  371:  state->phase = 0;
    #####:  372:  state->numActions = 1;
    #####:  373:  state->coins = 0;
    #####:  374:  state->numBuys = 1;
    #####:  375:  state->playedCardCount = 0;
    #####:  376:  state->handCount[state->whoseTurn] = 0;
        -:  377:
        -:  378:  //int k; move to top
        -:  379:  //Next player draws hand
    #####:  380:  for (k = 0; k < 5; k++){
branch  0 never executed
branch  1 never executed
    #####:  381:    drawCard(state->whoseTurn, state);//Draw a card
call    0 never executed
        -:  382:  }
        -:  383:
        -:  384:  //Update money
    #####:  385:  updateCoins(state->whoseTurn, state , 0);
call    0 never executed
        -:  386:
    #####:  387:  return 0;
        -:  388:}
        -:  389:
function isGameOver called 0 returned 0% blocks executed 0%
    #####:  390:int isGameOver(struct gameState *state) {
        -:  391:  int i;
        -:  392:  int j;
        -:  393:	
        -:  394:  //if stack of Province cards is empty, the game ends
    #####:  395:  if (state->supplyCount[province] == 0)
branch  0 never executed
branch  1 never executed
        -:  396:    {
    #####:  397:      return 1;
        -:  398:    }
        -:  399:
        -:  400:  //if three supply pile are at 0, the game ends
    #####:  401:  j = 0;
    #####:  402:  for (i = 0; i < 25; i++)
branch  0 never executed
branch  1 never executed
        -:  403:    {
    #####:  404:      if (state->supplyCount[i] == 0)
branch  0 never executed
branch  1 never executed
        -:  405:	{
    #####:  406:	  j++;
        -:  407:	}
        -:  408:    }
    #####:  409:  if ( j >= 3)
branch  0 never executed
branch  1 never executed
        -:  410:    {
    #####:  411:      return 1;
        -:  412:    }
        -:  413:
    #####:  414:  return 0;
        -:  415:}
        -:  416:
function scoreFor called 0 returned 0% blocks executed 0%
    #####:  417:int scoreFor (int player, struct gameState *state) {
        -:  418:
        -:  419:  int i;
    #####:  420:  int score = 0;
        -:  421:  //score from hand
    #####:  422:  for (i = 0; i < state->handCount[player]; i++)
branch  0 never executed
branch  1 never executed
        -:  423:    {
    #####:  424:      if (state->hand[player][i] == curse) { score = score - 1; };
branch  0 never executed
branch  1 never executed
    #####:  425:      if (state->hand[player][i] == estate) { score = score + 1; };
branch  0 never executed
branch  1 never executed
    #####:  426:      if (state->hand[player][i] == duchy) { score = score + 3; };
branch  0 never executed
branch  1 never executed
    #####:  427:      if (state->hand[player][i] == province) { score = score + 6; };
branch  0 never executed
branch  1 never executed
    #####:  428:      if (state->hand[player][i] == great_hall) { score = score + 1; };
branch  0 never executed
branch  1 never executed
    #####:  429:      if (state->hand[player][i] == gardens) { score = score + ( fullDeckCount(player, 0, state) / 10 ); };
branch  0 never executed
branch  1 never executed
call    2 never executed
        -:  430:    }
        -:  431:
        -:  432:  //score from discard
    #####:  433:  for (i = 0; i < state->discardCount[player]; i++)
branch  0 never executed
branch  1 never executed
        -:  434:    {
    #####:  435:      if (state->discard[player][i] == curse) { score = score - 1; };
branch  0 never executed
branch  1 never executed
    #####:  436:      if (state->discard[player][i] == estate) { score = score + 1; };
branch  0 never executed
branch  1 never executed
    #####:  437:      if (state->discard[player][i] == duchy) { score = score + 3; };
branch  0 never executed
branch  1 never executed
    #####:  438:      if (state->discard[player][i] == province) { score = score + 6; };
branch  0 never executed
branch  1 never executed
    #####:  439:      if (state->discard[player][i] == great_hall) { score = score + 1; };
branch  0 never executed
branch  1 never executed
    #####:  440:      if (state->discard[player][i] == gardens) { score = score + ( fullDeckCount(player, 0, state) / 10 ); };
branch  0 never executed
branch  1 never executed
call    2 never executed
        -:  441:    }
        -:  442:
        -:  443:  //score from deck
    #####:  444:  for (i = 0; i < state->discardCount[player]; i++)
branch  0 never executed
branch  1 never executed
        -:  445:    {
    #####:  446:      if (state->deck[player][i] == curse) { score = score - 1; };
branch  0 never executed
branch  1 never executed
    #####:  447:      if (state->deck[player][i] == estate) { score = score + 1; };
branch  0 never executed
branch  1 never executed
    #####:  448:      if (state->deck[player][i] == duchy) { score = score + 3; };
branch  0 never executed
branch  1 never executed
    #####:  449:      if (state->deck[player][i] == province) { score = score + 6; };
branch  0 never executed
branch  1 never executed
    #####:  450:      if (state->deck[player][i] == great_hall) { score = score + 1; };
branch  0 never executed
branch  1 never executed
    #####:  451:      if (state->deck[player][i] == gardens) { score = score + ( fullDeckCount(player, 0, state) / 10 ); };
branch  0 never executed
branch  1 never executed
call    2 never executed
        -:  452:    }
        -:  453:
    #####:  454:  return score;
        -:  455:}
        -:  456:
function getWinners called 0 returned 0% blocks executed 0%
    #####:  457:int getWinners(int players[MAX_PLAYERS], struct gameState *state) {
        -:  458:  int i;	
        -:  459:  int j;
        -:  460:  int highScore;
        -:  461:  int currentPlayer;
        -:  462:
        -:  463:  //get score for each player
    #####:  464:  for (i = 0; i < MAX_PLAYERS; i++)
branch  0 never executed
branch  1 never executed
        -:  465:    {
        -:  466:      //set unused player scores to -9999
    #####:  467:      if (i >= state->numPlayers)
branch  0 never executed
branch  1 never executed
        -:  468:	{
    #####:  469:	  players[i] = -9999;
        -:  470:	}
        -:  471:      else
        -:  472:	{
    #####:  473:	  players[i] = scoreFor (i, state);
call    0 never executed
        -:  474:	}
        -:  475:    }
        -:  476:
        -:  477:  //find highest score
    #####:  478:  j = 0;
    #####:  479:  for (i = 0; i < MAX_PLAYERS; i++)
branch  0 never executed
branch  1 never executed
        -:  480:    {
    #####:  481:      if (players[i] > players[j])
branch  0 never executed
branch  1 never executed
        -:  482:	{
    #####:  483:	  j = i;
        -:  484:	}
        -:  485:    }
    #####:  486:  highScore = players[j];
        -:  487:
        -:  488:  //add 1 to players who had less turns
    #####:  489:  currentPlayer = whoseTurn(state);
call    0 never executed
    #####:  490:  for (i = 0; i < MAX_PLAYERS; i++)
branch  0 never executed
branch  1 never executed
        -:  491:    {
    #####:  492:      if ( players[i] == highScore && i > currentPlayer )
branch  0 never executed
branch  1 never executed
branch  2 never executed
branch  3 never executed
        -:  493:	{
    #####:  494:	  players[i]++;
        -:  495:	}
        -:  496:    }
        -:  497:
        -:  498:  //find new highest score
    #####:  499:  j = 0;
    #####:  500:  for (i = 0; i < MAX_PLAYERS; i++)
branch  0 never executed
branch  1 never executed
        -:  501:    {
    #####:  502:      if ( players[i] > players[j] )
branch  0 never executed
branch  1 never executed
        -:  503:	{
    #####:  504:	  j = i;
        -:  505:	}
        -:  506:    }
    #####:  507:  highScore = players[j];
        -:  508:
        -:  509:  //set winners in array to 1 and rest to 0
    #####:  510:  for (i = 0; i < MAX_PLAYERS; i++)
branch  0 never executed
branch  1 never executed
        -:  511:    {
    #####:  512:      if ( players[i] == highScore )
branch  0 never executed
branch  1 never executed
        -:  513:	{
    #####:  514:	  players[i] = 1;
        -:  515:	}
        -:  516:      else
        -:  517:	{
    #####:  518:	  players[i] = 0;
        -:  519:	}
        -:  520:    }
        -:  521:
    #####:  522:  return 0;
        -:  523:}
        -:  524:
function drawCard called 299452 returned 100% blocks executed 100%
   299452:  525:int drawCard(int player, struct gameState *state)
        -:  526:{	int count;
        -:  527:  int deckCounter;
   299452:  528:  if (state->deckCount[player] <= 0){//Deck is empty
branch  0 taken 76% (fallthrough)
branch  1 taken 24%
        -:  529:    
        -:  530:    //Step 1 Shuffle the discard pile back into a deck
        -:  531:    int i;
        -:  532:    //Move discard to deck
   267457:  533:    for (i = 0; i < state->discardCount[player];i++){
branch  0 taken 15%
branch  1 taken 85% (fallthrough)
    39698:  534:      state->deck[player][i] = state->discard[player][i];
    39698:  535:      state->discard[player][i] = -1;
        -:  536:    }
        -:  537:
   227759:  538:    state->deckCount[player] = state->discardCount[player];
   227759:  539:    state->discardCount[player] = 0;//Reset discard
        -:  540:
        -:  541:    //Shufffle the deck
   227759:  542:    shuffle(player, state);//Shuffle the deck up and make it so that we can draw
call    0 returned 100%
        -:  543:   
        -:  544:    if (DEBUG){//Debug statements
        -:  545:      printf("Deck count now: %d\n", state->deckCount[player]);
        -:  546:    }
        -:  547:    
   227759:  548:    state->discardCount[player] = 0;
        -:  549:
        -:  550:    //Step 2 Draw Card
   227759:  551:    count = state->handCount[player];//Get current player's hand count
        -:  552:    
        -:  553:    if (DEBUG){//Debug statements
        -:  554:      printf("Current hand count: %d\n", count);
        -:  555:    }
        -:  556:    
   227759:  557:    deckCounter = state->deckCount[player];//Create a holder for the deck count
        -:  558:
   227759:  559:    if (deckCounter == 0)
branch  0 taken 99% (fallthrough)
branch  1 taken 1%
   226265:  560:      return -1;
        -:  561:
     1494:  562:    state->hand[player][count] = state->deck[player][deckCounter - 1];//Add card to hand
     1494:  563:    state->deckCount[player]--;
     1494:  564:    state->handCount[player]++;//Increment hand count
        -:  565:  }
        -:  566:
        -:  567:  else{
    71693:  568:    int count = state->handCount[player];//Get current hand count for player
        -:  569:    int deckCounter;
        -:  570:    if (DEBUG){//Debug statements
        -:  571:      printf("Current hand count: %d\n", count);
        -:  572:    }
        -:  573:
    71693:  574:    deckCounter = state->deckCount[player];//Create holder for the deck count
    71693:  575:    state->hand[player][count] = state->deck[player][deckCounter - 1];//Add card to the hand
    71693:  576:    state->deckCount[player]--;
    71693:  577:    state->handCount[player]++;//Increment hand count
        -:  578:  }
        -:  579:
    73187:  580:  return 0;
        -:  581:}
        -:  582:
function getCost called 0 returned 0% blocks executed 0%
    #####:  583:int getCost(int cardNumber)
        -:  584:{
    #####:  585:  switch( cardNumber ) 
branch  0 never executed
branch  1 never executed
branch  2 never executed
branch  3 never executed
branch  4 never executed
branch  5 never executed
branch  6 never executed
branch  7 never executed
branch  8 never executed
branch  9 never executed
branch 10 never executed
branch 11 never executed
branch 12 never executed
branch 13 never executed
branch 14 never executed
branch 15 never executed
branch 16 never executed
branch 17 never executed
branch 18 never executed
branch 19 never executed
branch 20 never executed
branch 21 never executed
branch 22 never executed
branch 23 never executed
branch 24 never executed
branch 25 never executed
branch 26 never executed
branch 27 never executed
        -:  586:    {
        -:  587:    case curse:
    #####:  588:      return 0;
        -:  589:    case estate:
    #####:  590:      return 2;
        -:  591:    case duchy:
    #####:  592:      return 5;
        -:  593:    case province:
    #####:  594:      return 8;
        -:  595:    case copper:
    #####:  596:      return 0;
        -:  597:    case silver:
    #####:  598:      return 3;
        -:  599:    case gold:
    #####:  600:      return 6;
        -:  601:    case adventurer:
    #####:  602:      return 6;
        -:  603:    case council_room:
    #####:  604:      return 5;
        -:  605:    case feast:
    #####:  606:      return 4;
        -:  607:    case gardens:
    #####:  608:      return 4;
        -:  609:    case mine:
    #####:  610:      return 5;
        -:  611:    case remodel:
    #####:  612:      return 4;
        -:  613:    case smithy:
    #####:  614:      return 4;
        -:  615:    case village:
    #####:  616:      return 3;
        -:  617:    case baron:
    #####:  618:      return 4;
        -:  619:    case great_hall:
    #####:  620:      return 3;
        -:  621:    case minion:
    #####:  622:      return 5;
        -:  623:    case steward:
    #####:  624:      return 3;
        -:  625:    case tribute:
    #####:  626:      return 5;
        -:  627:    case ambassador:
    #####:  628:      return 3;
        -:  629:    case cutpurse:
    #####:  630:      return 4;
        -:  631:    case embargo: 
    #####:  632:      return 2;
        -:  633:    case outpost:
    #####:  634:      return 5;
        -:  635:    case salvager:
    #####:  636:      return 4;
        -:  637:    case sea_hag:
    #####:  638:      return 4;
        -:  639:    case treasure_map:
    #####:  640:      return 4;
        -:  641:    }
        -:  642:	
    #####:  643:  return -1;
        -:  644:}
        -:  645:
function smithy_card called 0 returned 0% blocks executed 0%
    #####:  646:int smithy_card(int handPos, struct gameState *state, int currentPlayer){
        -:  647:  //+3 Cards
        -:  648:  int i;
        -:  649:  
    #####:  650:	  for (i = 0; i < 4; i++)	//4 not 3 bug here
branch  0 never executed
branch  1 never executed
        -:  651:	{
    #####:  652:	  drawCard(currentPlayer, state);
call    0 never executed
        -:  653:	}
        -:  654:			
        -:  655:      //discard card from hand
    #####:  656:      discardCard(handPos, currentPlayer, state, 0);
call    0 never executed
    #####:  657:      return 0;
        -:  658:		
        -:  659:}
function adventurer_card called 2000 returned 100% blocks executed 100%
     2000:  660:int adventurer_card(struct gameState *state, int currentPlayer){
        -:  661:  int temphand[MAX_HAND];// moved above the if statement
     2000:  662:  int drawntreasure=0;
        -:  663:  int cardDrawn;
     2000:  664:  int z = 0;	
   301997:  665:  while(drawntreasure<5){	//error, lets you get 5 instead of 2 treasures
branch  0 taken 99%
branch  1 taken 1% (fallthrough)
   297997:  666:	if (state->deckCount[currentPlayer] <1){//if the deck is empty we need to shuffle discard and add to deck
branch  0 taken 76% (fallthrough)
branch  1 taken 24%
   227759:  667:	  shuffle(currentPlayer, state);
call    0 returned 100%
        -:  668:	}
   297997:  669:	drawCard(currentPlayer, state);
call    0 returned 100%
   297997:  670:	cardDrawn = state->hand[currentPlayer][state->handCount[currentPlayer]-1];//top card of hand is most recently drawn card.
   297997:  671:	if (cardDrawn == copper || cardDrawn == silver || cardDrawn == gold)
branch  0 taken 99% (fallthrough)
branch  1 taken 1%
branch  2 taken 99% (fallthrough)
branch  3 taken 1%
branch  4 taken 1% (fallthrough)
branch  5 taken 99%
    10000:  672:	  drawntreasure++;
        -:  673:	else{
   287997:  674:	  temphand[z]=cardDrawn;
   287997:  675:	  state->handCount[currentPlayer]--; //this should just remove the top card (the most recently drawn one).
   287997:  676:	  z++;
        -:  677:	}
        -:  678:      }
   189604:  679:      while(z-1>=0){
branch  0 taken 99%
branch  1 taken 1% (fallthrough)
   185604:  680:	state->discard[currentPlayer][state->discardCount[currentPlayer]++]=temphand[z-1]; // discard all cards in play that have been drawn
   185604:  681:	z=z-1;
        -:  682:      }
     2000:  683:      return 0;
        -:  684:		
        -:  685:}
function baron_card called 0 returned 0% blocks executed 0%
    #####:  686:int baron_card(int choice1, struct gameState *state, int currentPlayer){
    #####:  687:	state->numBuys++;//Increase buys by 1!
    #####:  688:      if (choice1 > 0){//Boolean true or going to discard an estate
branch  0 never executed
branch  1 never executed
    #####:  689:	int p = 0;//Iterator for hand!
    #####:  690:	int card_not_discarded = 1;//Flag for discard set!
    #####:  691:	while(card_not_discarded){
branch  0 never executed
branch  1 never executed
    #####:  692:	  if (state->hand[currentPlayer][p] == estate){//Found an estate card!
branch  0 never executed
branch  1 never executed
    #####:  693:	    state->coins += 4;//Add 4 coins to the amount of coins
    #####:  694:	    state->discard[currentPlayer][state->discardCount[currentPlayer]] = state->hand[currentPlayer][p];
    #####:  695:	    state->discardCount[currentPlayer]++;
    #####:  696:	    for (;p < state->handCount[currentPlayer]; p++){
branch  0 never executed
branch  1 never executed
    #####:  697:	      state->hand[currentPlayer][p] = state->hand[currentPlayer][p+1];
        -:  698:	    }
    #####:  699:	    state->hand[currentPlayer][state->handCount[currentPlayer]] = -1;
    #####:  700:	    state->handCount[currentPlayer]--;
    #####:  701:	    card_not_discarded = 0;//Exit the loop
        -:  702:	  }
    #####:  703:	  else if (p > state->handCount[currentPlayer]){
branch  0 never executed
branch  1 never executed
        -:  704:	    if(DEBUG) {
        -:  705:	      printf("No estate cards in your hand, invalid choice\n");
        -:  706:	      printf("Must gain an estate if there are any\n");
        -:  707:	    }
    #####:  708:	    if (supplyCount(estate, state) > 0){
call    0 never executed
branch  1 never executed
branch  2 never executed
    #####:  709:	      gainCard(estate, state, 0, currentPlayer);
call    0 never executed
    #####:  710:	      state->supplyCount[estate]--;//Decrement estates
    #####:  711:	      if (supplyCount(estate, state) == 0){
call    0 never executed
branch  1 never executed
branch  2 never executed
    #####:  712:		isGameOver(state);
call    0 never executed
        -:  713:	      }
        -:  714:	    }
    #####:  715:	    card_not_discarded = 0;//Exit the loop
        -:  716:	  }
        -:  717:			    
        -:  718:	  else{
    #####:  719:	    p++;//Next card
        -:  720:	  }
        -:  721:	}
        -:  722:      }
        -:  723:			    
        -:  724:      else{
    #####:  725:	if (supplyCount(estate, state) > 0){
call    0 never executed
branch  1 never executed
branch  2 never executed
    #####:  726:	  gainCard(estate, state, 0, currentPlayer);//Gain an estate
call    0 never executed
    #####:  727:	  state->supplyCount[estate]--;//Decrement Estates
    #####:  728:	  if (supplyCount(estate, state) == 0){
call    0 never executed
branch  1 never executed
branch  2 never executed
    #####:  729:	    isGameOver(state);
call    0 never executed
        -:  730:	  }
        -:  731:	}
        -:  732:      }
        -:  733:	    
        -:  734:      
    #####:  735:      return 0;
        -:  736:
        -:  737:}
function mine_card called 0 returned 0% blocks executed 0%
    #####:  738:int mine_card(int choice1,int choice2, int handPos, struct gameState *state, int currentPlayer){
        -:  739:	int i;
        -:  740:	int j;
        -:  741:	
        -:  742:   
    #####:  743:	j = state->hand[currentPlayer][choice1];  //store card we will trash
        -:  744:
    #####:  745:      if (state->hand[currentPlayer][choice1] < copper && state->hand[currentPlayer][choice1] > gold)
branch  0 never executed
branch  1 never executed
branch  2 never executed
branch  3 never executed
        -:  746:	{
    #####:  747:	  return -1;
        -:  748:	}
        -:  749:		
    #####:  750:      if (choice2 > treasure_map || choice2 < curse)
branch  0 never executed
branch  1 never executed
branch  2 never executed
branch  3 never executed
        -:  751:	{
    #####:  752:	  return -1;
        -:  753:	}
        -:  754:
    #####:  755:      if ( (getCost(state->hand[currentPlayer][choice1]) + 3) > getCost(choice2) )
call    0 never executed
call    1 never executed
branch  2 never executed
branch  3 never executed
        -:  756:	{
    #####:  757:	  return -1;
        -:  758:	}
        -:  759:
    #####:  760:      gainCard(choice2, state, 2, currentPlayer);
call    0 never executed
        -:  761:
        -:  762:      //discard card from hand
    #####:  763:      discardCard(handPos, currentPlayer, state, 0);
call    0 never executed
        -:  764:
        -:  765:
        -:  766:      //discard trashed card
        -:  767:	  //
        -:  768:	  
    #####:  769:      for (i = 0; i < state->handCount[currentPlayer]; i++)
branch  0 never executed
branch  1 never executed
        -:  770:	{
    #####:  771:	  if (state->hand[currentPlayer][i] == j)
branch  0 never executed
branch  1 never executed
        -:  772:	    {
    #####:  773:	      discardCard(i, currentPlayer, state, 0);
call    0 never executed
    #####:  774:		  break;
        -:  775:	    }
        -:  776:	}
        -:  777:	
        -:  778:			
    #####:  779:      return 0;
        -:  780:		
        -:  781:}
        -:  782:
        -:  783:
function council_room_card called 0 returned 0% blocks executed 0%
    #####:  784:int council_room_card(struct gameState *state, int handPos, int currentPlayer){
        -:  785:  //+4 Cards
        -:  786:  int i;
        -:  787:
    #####:  788:      for (i = 0; i < 4; i++)	
branch  0 never executed
branch  1 never executed
        -:  789:  	  {
    #####:  790:	  drawCard(currentPlayer, state);
call    0 never executed
        -:  791:	}
        -:  792:			
        -:  793:      //+1 Buy
    #####:  794:      state->numBuys++;
        -:  795:			
        -:  796:      //Each other player draws a card
    #####:  797:      for (i = 0; i < state->numPlayers; i++)
branch  0 never executed
branch  1 never executed
        -:  798:	{
        -:  799:	 //bug, doesn' t exlude current player for additional draw
    #####:  800:		 if ( i == currentPlayer )// added bug changed not equal to equal
branch  0 never executed
branch  1 never executed
        -:  801:	    {
    #####:  802:	      drawCard(i, state);
call    0 never executed
        -:  803:	    }
        -:  804:	}
        -:  805:			
        -:  806:      //put played card in played card pile
    #####:  807:      discardCard(handPos, currentPlayer, state, 0);
call    0 never executed
        -:  808:			
    #####:  809:      return 0;
        -:  810:		
        -:  811:}
        -:  812:
        -:  813:
function cardEffect called 2000 returned 100% blocks executed 4%
     2000:  814:int cardEffect(int card, int choice1, int choice2, int choice3, struct gameState *state, int handPos, int *bonus)
        -:  815:{
        -:  816:  int i;
        -:  817:  int j;
        -:  818:  int k;
        -:  819:  int x;
        -:  820:  int index;
     2000:  821:  int currentPlayer = whoseTurn(state);
call    0 returned 100%
     2000:  822:  int nextPlayer = currentPlayer + 1;
        -:  823:
     2000:  824:  int tributeRevealedCards[2] = {-1, -1};
        -:  825:  int temphand[MAX_HAND];// moved above the if statement
        -:  826: // int drawntreasure=0;
        -:  827: // int cardDrawn;
        -:  828:  //int z = 0;// this is the counter for the temp hand
     2000:  829:  if (nextPlayer > (state->numPlayers - 1)){
branch  0 taken 38% (fallthrough)
branch  1 taken 62%
      768:  830:    nextPlayer = 0;
        -:  831:  }
        -:  832:  
        -:  833:	
        -:  834:  //uses switch to select card and perform actions
     2000:  835:  switch( card ) 
branch  0 taken 100%
branch  1 taken 0%
branch  2 taken 0%
branch  3 taken 0%
branch  4 taken 0%
branch  5 taken 0%
branch  6 taken 0%
branch  7 taken 0%
branch  8 taken 0%
branch  9 taken 0%
branch 10 taken 0%
branch 11 taken 0%
branch 12 taken 0%
branch 13 taken 0%
branch 14 taken 0%
branch 15 taken 0%
branch 16 taken 0%
branch 17 taken 0%
branch 18 taken 0%
branch 19 taken 0%
branch 20 taken 0%
        -:  836:    {
        -:  837:	
        -:  838:	//refactored
        -:  839:    case adventurer:
        -:  840:   
     2000:  841:	return adventurer_card(state, currentPlayer);
call    0 returned 100%
        -:  842:
        -:  843:	//refactored
        -:  844:    case council_room:
    #####:  845:    	council_room_card(state, handPos, currentPlayer);
call    0 never executed
        -:  846:
        -:  847:
        -:  848:    case feast:
        -:  849:      //gain card with cost up to 5
        -:  850:      //Backup hand
    #####:  851:      for (i = 0; i <= state->handCount[currentPlayer]; i++){
branch  0 never executed
branch  1 never executed
    #####:  852:	temphand[i] = state->hand[currentPlayer][i];//Backup card
    #####:  853:	state->hand[currentPlayer][i] = -1;//Set to nothing
        -:  854:      }
        -:  855:      //Backup hand
        -:  856:
        -:  857:      //Update Coins for Buy
    #####:  858:      updateCoins(currentPlayer, state, 5);
call    0 never executed
    #####:  859:      x = 1;//Condition to loop on
    #####:  860:      while( x == 1) {//Buy one card
branch  0 never executed
branch  1 never executed
    #####:  861:	if (supplyCount(choice1, state) <= 0){
call    0 never executed
branch  1 never executed
branch  2 never executed
        -:  862:	  if (DEBUG)
        -:  863:	    printf("None of that card left, sorry!\n");
        -:  864:
        -:  865:	  if (DEBUG){
        -:  866:	    printf("Cards Left: %d\n", supplyCount(choice1, state));
        -:  867:	  }
        -:  868:	}
    #####:  869:	else if (state->coins < getCost(choice1)){
call    0 never executed
branch  1 never executed
branch  2 never executed
    #####:  870:	  printf("That card is too expensive!\n");
call    0 never executed
        -:  871:
        -:  872:	  if (DEBUG){
        -:  873:	    printf("Coins: %d < %d\n", state->coins, getCost(choice1));
        -:  874:	  }
        -:  875:	}
        -:  876:	else{
        -:  877:
        -:  878:	  if (DEBUG){
        -:  879:	    printf("Deck Count: %d\n", state->handCount[currentPlayer] + state->deckCount[currentPlayer] + state->discardCount[currentPlayer]);
        -:  880:	  }
        -:  881:
    #####:  882:	  gainCard(choice1, state, 0, currentPlayer);//Gain the card
call    0 never executed
    #####:  883:	  x = 0;//No more buying cards
        -:  884:
        -:  885:	  if (DEBUG){
        -:  886:	    printf("Deck Count: %d\n", state->handCount[currentPlayer] + state->deckCount[currentPlayer] + state->discardCount[currentPlayer]);
        -:  887:	  }
        -:  888:
        -:  889:	}
        -:  890:      }     
        -:  891:
        -:  892:      //Reset Hand
    #####:  893:      for (i = 0; i <= state->handCount[currentPlayer]; i++){
branch  0 never executed
branch  1 never executed
    #####:  894:	state->hand[currentPlayer][i] = temphand[i];
    #####:  895:	temphand[i] = -1;
        -:  896:      }
        -:  897:      //Reset Hand
        -:  898:      			
    #####:  899:      return 0;
        -:  900:			
        -:  901:    case gardens:
    #####:  902:      return -1;
        -:  903:			
        -:  904:   
        -:  905:   
        -:  906:	//refactored
        -:  907:	case mine:
    #####:  908:     	return mine_card(choice1, choice2, handPos, state, currentPlayer);
call    0 never executed
        -:  909:
        -:  910:
        -:  911:
        -:  912:    case remodel:
    #####:  913:      j = state->hand[currentPlayer][choice1];  //store card we will trash
        -:  914:
    #####:  915:      if ( (getCost(state->hand[currentPlayer][choice1]) + 2) > getCost(choice2) )
call    0 never executed
call    1 never executed
branch  2 never executed
branch  3 never executed
        -:  916:	{
    #####:  917:	  return -1;
        -:  918:	}
        -:  919:
    #####:  920:      gainCard(choice2, state, 0, currentPlayer);
call    0 never executed
        -:  921:
        -:  922:      //discard card from hand
    #####:  923:      discardCard(handPos, currentPlayer, state, 0);
call    0 never executed
        -:  924:
        -:  925:      //discard trashed card
    #####:  926:      for (i = 0; i < state->handCount[currentPlayer]; i++)
branch  0 never executed
branch  1 never executed
        -:  927:	{
    #####:  928:	  if (state->hand[currentPlayer][i] == j)
branch  0 never executed
branch  1 never executed
        -:  929:	    {
    #####:  930:	      discardCard(i, currentPlayer, state, 0);			
call    0 never executed
    #####:  931:	      break;
        -:  932:	    }
        -:  933:	}
        -:  934:
        -:  935:
    #####:  936:      return 0;
        -:  937:		
        -:  938:
        -:  939:	  //refactored
        -:  940:    case smithy:
    #####:  941:   		return smithy_card(handPos, state, currentPlayer);
call    0 never executed
        -:  942:		 
        -:  943:    case village:
        -:  944:      //+1 Card
    #####:  945:      drawCard(currentPlayer, state);
call    0 never executed
        -:  946:			
        -:  947:      //+2 Actions
    #####:  948:      state->numActions = state->numActions + 2;
        -:  949:			
        -:  950:      //discard played card from hand
    #####:  951:      discardCard(handPos, currentPlayer, state, 0);
call    0 never executed
    #####:  952:      return 0;
        -:  953:	
        -:  954:
        -:  955:	//refactored	  
        -:  956:    case baron:
    #####:  957:    	return baron_card(choice1, state, currentPlayer);  
call    0 never executed
        -:  958:		  
        -:  959:    case great_hall:
        -:  960:      //+1 Card
    #####:  961:      drawCard(currentPlayer, state);
call    0 never executed
        -:  962:			
        -:  963:      //+1 Actions
    #####:  964:      state->numActions++;
        -:  965:			
        -:  966:      //discard card from hand
    #####:  967:      discardCard(handPos, currentPlayer, state, 0);
call    0 never executed
    #####:  968:      return 0;
        -:  969:		
        -:  970:    case minion:
        -:  971:      //+1 action
    #####:  972:      state->numActions++;
        -:  973:			
        -:  974:      //discard card from hand
    #####:  975:      discardCard(handPos, currentPlayer, state, 0);
call    0 never executed
        -:  976:			
    #####:  977:      if (choice1)		//+2 coins
branch  0 never executed
branch  1 never executed
        -:  978:	{
    #####:  979:	  state->coins = state->coins + 2;
        -:  980:	}
        -:  981:			
    #####:  982:      else if (choice2)		//discard hand, redraw 4, other players with 5+ cards discard hand and draw 4
branch  0 never executed
branch  1 never executed
        -:  983:	{
        -:  984:	  //discard hand
    #####:  985:	  while(numHandCards(state) > 0)
call    0 never executed
branch  1 never executed
branch  2 never executed
        -:  986:	    {
    #####:  987:	      discardCard(handPos, currentPlayer, state, 0);
call    0 never executed
        -:  988:	    }
        -:  989:				
        -:  990:	  //draw 4
    #####:  991:	  for (i = 0; i < 4; i++)
branch  0 never executed
branch  1 never executed
        -:  992:	    {
    #####:  993:	      drawCard(currentPlayer, state);
call    0 never executed
        -:  994:	    }
        -:  995:				
        -:  996:	  //other players discard hand and redraw if hand size > 4
    #####:  997:	  for (i = 0; i < state->numPlayers; i++)
branch  0 never executed
branch  1 never executed
        -:  998:	    {
    #####:  999:	      if (i != currentPlayer)
branch  0 never executed
branch  1 never executed
        -: 1000:		{
    #####: 1001:		  if ( state->handCount[i] > 4 )
branch  0 never executed
branch  1 never executed
        -: 1002:		    {
        -: 1003:		      //discard hand
    #####: 1004:		      while( state->handCount[i] > 0 )
branch  0 never executed
branch  1 never executed
        -: 1005:			{
    #####: 1006:			  discardCard(handPos, i, state, 0);
call    0 never executed
        -: 1007:			}
        -: 1008:							
        -: 1009:		      //draw 4
    #####: 1010:		      for (j = 0; j < 4; j++)
branch  0 never executed
branch  1 never executed
        -: 1011:			{
    #####: 1012:			  drawCard(i, state);
call    0 never executed
        -: 1013:			}
        -: 1014:		    }
        -: 1015:		}
        -: 1016:	    }
        -: 1017:				
        -: 1018:	}
    #####: 1019:      return 0;
        -: 1020:		
        -: 1021:    case steward:
    #####: 1022:      if (choice1 == 1)
branch  0 never executed
branch  1 never executed
        -: 1023:	{
        -: 1024:	  //+2 cards
    #####: 1025:	  drawCard(currentPlayer, state);
call    0 never executed
    #####: 1026:	  drawCard(currentPlayer, state);
call    0 never executed
        -: 1027:	}
    #####: 1028:      else if (choice1 == 2)
branch  0 never executed
branch  1 never executed
        -: 1029:	{
        -: 1030:	  //+2 coins
    #####: 1031:	  state->coins = state->coins + 2;
        -: 1032:	}
        -: 1033:      else
        -: 1034:	{
        -: 1035:	  //trash 2 cards in hand
    #####: 1036:	  discardCard(choice2, currentPlayer, state, 1);
call    0 never executed
    #####: 1037:	  discardCard(choice3, currentPlayer, state, 1);
call    0 never executed
        -: 1038:	}
        -: 1039:			
        -: 1040:      //discard card from hand
    #####: 1041:      discardCard(handPos, currentPlayer, state, 0);
call    0 never executed
    #####: 1042:      return 0;
        -: 1043:		
        -: 1044:    case tribute:
    #####: 1045:      if ((state->discardCount[nextPlayer] + state->deckCount[nextPlayer]) <= 1){
branch  0 never executed
branch  1 never executed
    #####: 1046:	if (state->deckCount[nextPlayer] > 0){
branch  0 never executed
branch  1 never executed
    #####: 1047:	  tributeRevealedCards[0] = state->deck[nextPlayer][state->deckCount[nextPlayer]-1];
    #####: 1048:	  state->deckCount[nextPlayer]--;
        -: 1049:	}
    #####: 1050:	else if (state->discardCount[nextPlayer] > 0){
branch  0 never executed
branch  1 never executed
    #####: 1051:	  tributeRevealedCards[0] = state->discard[nextPlayer][state->discardCount[nextPlayer]-1];
    #####: 1052:	  state->discardCount[nextPlayer]--;
        -: 1053:	}
        -: 1054:	else{
        -: 1055:	  //No Card to Reveal
        -: 1056:	  if (DEBUG){
        -: 1057:	    printf("No cards to reveal\n");
        -: 1058:	  }
        -: 1059:	}
        -: 1060:      }
        -: 1061:	    
        -: 1062:      else{
    #####: 1063:	if (state->deckCount[nextPlayer] == 0){
branch  0 never executed
branch  1 never executed
    #####: 1064:	  for (i = 0; i < state->discardCount[nextPlayer]; i++){
branch  0 never executed
branch  1 never executed
    #####: 1065:	    state->deck[nextPlayer][i] = state->discard[nextPlayer][i];//Move to deck
    #####: 1066:	    state->deckCount[nextPlayer]++;
    #####: 1067:	    state->discard[nextPlayer][i] = -1;
    #####: 1068:	    state->discardCount[nextPlayer]--;
        -: 1069:	  }
        -: 1070:			    
    #####: 1071:	  shuffle(nextPlayer,state);//Shuffle the deck
call    0 never executed
        -: 1072:	} 
    #####: 1073:	tributeRevealedCards[0] = state->deck[nextPlayer][state->deckCount[nextPlayer]-1];
    #####: 1074:	state->deck[nextPlayer][state->deckCount[nextPlayer]--] = -1;
    #####: 1075:	state->deckCount[nextPlayer]--;
    #####: 1076:	tributeRevealedCards[1] = state->deck[nextPlayer][state->deckCount[nextPlayer]-1];
    #####: 1077:	state->deck[nextPlayer][state->deckCount[nextPlayer]--] = -1;
    #####: 1078:	state->deckCount[nextPlayer]--;
        -: 1079:      }    
        -: 1080:		       
    #####: 1081:      if (tributeRevealedCards[0] == tributeRevealedCards[1]){//If we have a duplicate card, just drop one 
branch  0 never executed
branch  1 never executed
    #####: 1082:	state->playedCards[state->playedCardCount] = tributeRevealedCards[1];
    #####: 1083:	state->playedCardCount++;
    #####: 1084:	tributeRevealedCards[1] = -1;
        -: 1085:      }
        -: 1086:
    #####: 1087:      for (i = 0; i <= 2; i ++){
branch  0 never executed
branch  1 never executed
    #####: 1088:	if (tributeRevealedCards[i] == copper || tributeRevealedCards[i] == silver || tributeRevealedCards[i] == gold){//Treasure cards
branch  0 never executed
branch  1 never executed
branch  2 never executed
branch  3 never executed
branch  4 never executed
branch  5 never executed
    #####: 1089:	  state->coins += 2;
        -: 1090:	}
        -: 1091:		    
    #####: 1092:	else if (tributeRevealedCards[i] == estate || tributeRevealedCards[i] == duchy || tributeRevealedCards[i] == province || tributeRevealedCards[i] == gardens || tributeRevealedCards[i] == great_hall){//Victory Card Found
branch  0 never executed
branch  1 never executed
branch  2 never executed
branch  3 never executed
branch  4 never executed
branch  5 never executed
branch  6 never executed
branch  7 never executed
branch  8 never executed
branch  9 never executed
    #####: 1093:	  drawCard(currentPlayer, state);
call    0 never executed
    #####: 1094:	  drawCard(currentPlayer, state);
call    0 never executed
        -: 1095:	}
        -: 1096:	else{//Action Card
    #####: 1097:	  state->numActions = state->numActions + 2;
        -: 1098:	}
        -: 1099:      }
        -: 1100:	    
    #####: 1101:      return 0;
        -: 1102:		
        -: 1103:    case ambassador:
    #####: 1104:      j = 0;		//used to check if player has enough cards to discard
        -: 1105:
    #####: 1106:      if (choice2 > 2 || choice2 < 0)
branch  0 never executed
branch  1 never executed
branch  2 never executed
branch  3 never executed
        -: 1107:	{
    #####: 1108:	  return -1;				
        -: 1109:	}
        -: 1110:
    #####: 1111:      if (choice1 == handPos)
branch  0 never executed
branch  1 never executed
        -: 1112:	{
    #####: 1113:	  return -1;
        -: 1114:	}
        -: 1115:
    #####: 1116:      for (i = 0; i < state->handCount[currentPlayer]; i++)
branch  0 never executed
branch  1 never executed
        -: 1117:	{
    #####: 1118:	  if (i != handPos && i == state->hand[currentPlayer][choice1] && i != choice1)
branch  0 never executed
branch  1 never executed
branch  2 never executed
branch  3 never executed
branch  4 never executed
branch  5 never executed
        -: 1119:	    {
    #####: 1120:	      j++;
        -: 1121:	    }
        -: 1122:	}
    #####: 1123:      if (j < choice2)
branch  0 never executed
branch  1 never executed
        -: 1124:	{
    #####: 1125:	  return -1;				
        -: 1126:	}
        -: 1127:
        -: 1128:      if (DEBUG) 
        -: 1129:	printf("Player %d reveals card number: %d\n", currentPlayer, state->hand[currentPlayer][choice1]);
        -: 1130:
        -: 1131:      //increase supply count for choosen card by amount being discarded
    #####: 1132:      state->supplyCount[state->hand[currentPlayer][choice1]] += choice2;
        -: 1133:			
        -: 1134:      //each other player gains a copy of revealed card
    #####: 1135:      for (i = 0; i < state->numPlayers; i++)
branch  0 never executed
branch  1 never executed
        -: 1136:	{
    #####: 1137:	  if (i != currentPlayer)
branch  0 never executed
branch  1 never executed
        -: 1138:	    {
    #####: 1139:	      gainCard(state->hand[currentPlayer][choice1], state, 0, i);
call    0 never executed
        -: 1140:	    }
        -: 1141:	}
        -: 1142:
        -: 1143:      //discard played card from hand
    #####: 1144:      discardCard(handPos, currentPlayer, state, 0);			
call    0 never executed
        -: 1145:
        -: 1146:      //trash copies of cards returned to supply
    #####: 1147:      for (j = 0; j < choice2; j++)
branch  0 never executed
branch  1 never executed
        -: 1148:	{
    #####: 1149:	  for (i = 0; i < state->handCount[currentPlayer]; i++)
branch  0 never executed
branch  1 never executed
        -: 1150:	    {
    #####: 1151:	      if (state->hand[currentPlayer][i] == state->hand[currentPlayer][choice1])
branch  0 never executed
branch  1 never executed
        -: 1152:		{
    #####: 1153:		  discardCard(i, currentPlayer, state, 1);
call    0 never executed
    #####: 1154:		  break;
        -: 1155:		}
        -: 1156:	    }
        -: 1157:	}			
        -: 1158:
    #####: 1159:      return 0;
        -: 1160:		
        -: 1161:    case cutpurse:
        -: 1162:
    #####: 1163:      updateCoins(currentPlayer, state, 2);
call    0 never executed
    #####: 1164:      for (i = 0; i < state->numPlayers; i++)
branch  0 never executed
branch  1 never executed
        -: 1165:	{
    #####: 1166:	  if (i != currentPlayer)
branch  0 never executed
branch  1 never executed
        -: 1167:	    {
    #####: 1168:	      for (j = 0; j < state->handCount[i]; j++)
branch  0 never executed
branch  1 never executed
        -: 1169:		{
    #####: 1170:		  if (state->hand[i][j] == copper)
branch  0 never executed
branch  1 never executed
        -: 1171:		    {
    #####: 1172:		      discardCard(j, i, state, 0);
call    0 never executed
    #####: 1173:		      break;
        -: 1174:		    }
    #####: 1175:		  if (j == state->handCount[i])
branch  0 never executed
branch  1 never executed
        -: 1176:		    {
    #####: 1177:		      for (k = 0; k < state->handCount[i]; k++)
branch  0 never executed
branch  1 never executed
        -: 1178:			{
        -: 1179:			  if (DEBUG)
        -: 1180:			    printf("Player %d reveals card number %d\n", i, state->hand[i][k]);
        -: 1181:			}	
    #####: 1182:		      break;
        -: 1183:		    }		
        -: 1184:		}
        -: 1185:					
        -: 1186:	    }
        -: 1187:				
        -: 1188:	}				
        -: 1189:
        -: 1190:      //discard played card from hand
    #####: 1191:      discardCard(handPos, currentPlayer, state, 0);			
call    0 never executed
        -: 1192:
    #####: 1193:      return 0;
        -: 1194:
        -: 1195:		
        -: 1196:    case embargo: 
        -: 1197:      //+2 Coins
    #####: 1198:      state->coins = state->coins + 2;
        -: 1199:			
        -: 1200:      //see if selected pile is in play
    #####: 1201:      if ( state->supplyCount[choice1] == -1 )
branch  0 never executed
branch  1 never executed
        -: 1202:	{
    #####: 1203:	  return -1;
        -: 1204:	}
        -: 1205:			
        -: 1206:      //add embargo token to selected supply pile
    #####: 1207:      state->embargoTokens[choice1]++;
        -: 1208:			
        -: 1209:      //trash card
    #####: 1210:      discardCard(handPos, currentPlayer, state, 1);		
call    0 never executed
    #####: 1211:      return 0;
        -: 1212:		
        -: 1213:    case outpost:
        -: 1214:      //set outpost flag
    #####: 1215:      state->outpostPlayed++;
        -: 1216:			
        -: 1217:      //discard card
    #####: 1218:      discardCard(handPos, currentPlayer, state, 0);
call    0 never executed
    #####: 1219:      return 0;
        -: 1220:		
        -: 1221:    case salvager:
        -: 1222:      //+1 buy
    #####: 1223:      state->numBuys++;
        -: 1224:			
    #####: 1225:      if (choice1)
branch  0 never executed
branch  1 never executed
        -: 1226:	{
        -: 1227:	  //gain coins equal to trashed card
    #####: 1228:	  state->coins = state->coins + getCost( handCard(choice1, state) );
call    0 never executed
call    1 never executed
        -: 1229:	  //trash card
    #####: 1230:	  discardCard(choice1, currentPlayer, state, 1);	
call    0 never executed
        -: 1231:	}
        -: 1232:			
        -: 1233:      //discard card
    #####: 1234:      discardCard(handPos, currentPlayer, state, 0);
call    0 never executed
    #####: 1235:      return 0;
        -: 1236:		
        -: 1237:    case sea_hag:
    #####: 1238:      for (i = 0; i < state->numPlayers; i++){
branch  0 never executed
branch  1 never executed
    #####: 1239:	if (i != currentPlayer){
branch  0 never executed
branch  1 never executed
    #####: 1240:	  state->discard[i][state->discardCount[i]] = state->deck[i][state->deckCount[i]--];			    state->deckCount[i]--;
    #####: 1241:	  state->discardCount[i]++;
    #####: 1242:	  state->deck[i][state->deckCount[i]--] = curse;//Top card now a curse
        -: 1243:	}
        -: 1244:      }
    #####: 1245:      return 0;
        -: 1246:		
        -: 1247:    case treasure_map:
        -: 1248:      //search hand for another treasure_map
    #####: 1249:      index = -1;
    #####: 1250:      for (i = 0; i < state->handCount[currentPlayer]; i++)
branch  0 never executed
branch  1 never executed
        -: 1251:	{
    #####: 1252:	  if (state->hand[currentPlayer][i] == treasure_map && i != handPos)
branch  0 never executed
branch  1 never executed
branch  2 never executed
branch  3 never executed
        -: 1253:	    {
    #####: 1254:	      index = i;
    #####: 1255:	      break;
        -: 1256:	    }
        -: 1257:	}
    #####: 1258:      if (index > -1)
branch  0 never executed
branch  1 never executed
        -: 1259:	{
        -: 1260:	  //trash both treasure cards
    #####: 1261:	  discardCard(handPos, currentPlayer, state, 1);
call    0 never executed
    #####: 1262:	  discardCard(index, currentPlayer, state, 1);
call    0 never executed
        -: 1263:
        -: 1264:	  //gain 4 Gold cards
    #####: 1265:	  for (i = 0; i < 4; i++)
branch  0 never executed
branch  1 never executed
        -: 1266:	    {
    #####: 1267:	      gainCard(gold, state, 1, currentPlayer);
call    0 never executed
        -: 1268:	    }
        -: 1269:				
        -: 1270:	  //return success
    #####: 1271:	  return 1;
        -: 1272:	}
        -: 1273:			
        -: 1274:      //no second treasure_map found in hand
    #####: 1275:      return -1;
        -: 1276:    }
        -: 1277:	
    #####: 1278:  return -1;
        -: 1279:}
        -: 1280:
function discardCard called 0 returned 0% blocks executed 0%
    #####: 1281:int discardCard(int handPos, int currentPlayer, struct gameState *state, int trashFlag)
        -: 1282:{
        -: 1283:	
        -: 1284:  //if card is not trashed, added to Played pile 
    #####: 1285:  if (trashFlag < 1)
branch  0 never executed
branch  1 never executed
        -: 1286:    {
        -: 1287:      //add card to played pile
    #####: 1288:      state->playedCards[state->playedCardCount] = state->hand[currentPlayer][handPos]; 
    #####: 1289:      state->playedCardCount++;
        -: 1290:    }
        -: 1291:	
        -: 1292:  //set played card to -1
    #####: 1293:  state->hand[currentPlayer][handPos] = -1;
        -: 1294:	
        -: 1295:  //remove card from player's hand
    #####: 1296:  if ( handPos == (state->handCount[currentPlayer] - 1) ) 	//last card in hand array is played
branch  0 never executed
branch  1 never executed
        -: 1297:    {
        -: 1298:      //reduce number of cards in hand
    #####: 1299:      state->handCount[currentPlayer]--;
        -: 1300:    }
    #####: 1301:  else if ( state->handCount[currentPlayer] == 1 ) //only one card in hand
branch  0 never executed
branch  1 never executed
        -: 1302:    {
        -: 1303:      //reduce number of cards in hand
    #####: 1304:      state->handCount[currentPlayer]--;
        -: 1305:    }
        -: 1306:  else 	
        -: 1307:    {
        -: 1308:      //replace discarded card with last card in hand
    #####: 1309:      state->hand[currentPlayer][handPos] = state->hand[currentPlayer][ (state->handCount[currentPlayer] - 1)];
        -: 1310:      //set last card to -1
    #####: 1311:      state->hand[currentPlayer][state->handCount[currentPlayer] - 1] = -1;
        -: 1312:      //reduce number of cards in hand
    #####: 1313:      state->handCount[currentPlayer]--;
        -: 1314:    }
        -: 1315:	
    #####: 1316:  return 0;
        -: 1317:}
        -: 1318:
function gainCard called 0 returned 0% blocks executed 0%
    #####: 1319:int gainCard(int supplyPos, struct gameState *state, int toFlag, int player)
        -: 1320:{
        -: 1321:  //Note: supplyPos is enum of choosen card
        -: 1322:	
        -: 1323:  //check if supply pile is empty (0) or card is not used in game (-1)
    #####: 1324:  if ( supplyCount(supplyPos, state) < 1 )
call    0 never executed
branch  1 never executed
branch  2 never executed
        -: 1325:    {
    #####: 1326:      return -1;
        -: 1327:    }
        -: 1328:	
        -: 1329:  //added card for [whoseTurn] current player:
        -: 1330:  // toFlag = 0 : add to discard
        -: 1331:  // toFlag = 1 : add to deck
        -: 1332:  // toFlag = 2 : add to hand
        -: 1333:
    #####: 1334:  if (toFlag == 1)
branch  0 never executed
branch  1 never executed
        -: 1335:    {
    #####: 1336:      state->deck[ player ][ state->deckCount[player] ] = supplyPos;
    #####: 1337:      state->deckCount[player]++;
        -: 1338:    }
    #####: 1339:  else if (toFlag == 2)
branch  0 never executed
branch  1 never executed
        -: 1340:    {
    #####: 1341:      state->hand[ player ][ state->handCount[player] ] = supplyPos;
    #####: 1342:      state->handCount[player]++;
        -: 1343:    }
        -: 1344:  else
        -: 1345:    {
    #####: 1346:      state->discard[player][ state->discardCount[player] ] = supplyPos;
    #####: 1347:      state->discardCount[player]++;
        -: 1348:    }
        -: 1349:	
        -: 1350:  //decrease number in supply pile
    #####: 1351:  state->supplyCount[supplyPos]--;
        -: 1352:	 
    #####: 1353:  return 0;
        -: 1354:}
        -: 1355:
function updateCoins called 291 returned 100% blocks executed 82%
      291: 1356:int updateCoins(int player, struct gameState *state, int bonus)
        -: 1357:{
        -: 1358:  int i;
        -: 1359:	
        -: 1360:  //reset coin count
      291: 1361:  state->coins = 0;
        -: 1362:
        -: 1363:  //add coins for each Treasure card in player's hand
     1746: 1364:  for (i = 0; i < state->handCount[player]; i++)
branch  0 taken 83%
branch  1 taken 17% (fallthrough)
        -: 1365:    {
     1455: 1366:      if (state->hand[player][i] == copper)
branch  0 taken 80% (fallthrough)
branch  1 taken 20%
        -: 1367:	{
     1164: 1368:	  state->coins += 1;
        -: 1369:	}
      291: 1370:      else if (state->hand[player][i] == silver)
branch  0 taken 0% (fallthrough)
branch  1 taken 100%
        -: 1371:	{
    #####: 1372:	  state->coins += 2;
        -: 1373:	}
      291: 1374:      else if (state->hand[player][i] == gold)
branch  0 taken 0% (fallthrough)
branch  1 taken 100%
        -: 1375:	{
    #####: 1376:	  state->coins += 3;
        -: 1377:	}	
        -: 1378:    }	
        -: 1379:
        -: 1380:  //add bonus
      291: 1381:  state->coins += bonus;
        -: 1382:
      291: 1383:  return 0;
        -: 1384:}
        -: 1385:
        -: 1386:
        -: 1387://end of dominion.c
        -: 1388:
